2022-07-25 21:42:59.926 - INFO  [           main] bstractTestContextBootstrapper : Neither @ContextConfiguration nor @ContextHierarchy found for test class [com.dms.guyiyao.ServiceTest.getUserTest], using SpringBootContextLoader
2022-07-25 21:42:59.946 - INFO  [           main] .s.t.c.s.AbstractContextLoader : Could not detect default resource locations for test class [com.dms.guyiyao.ServiceTest.getUserTest]: no resource found for suffixes {-context.xml, Context.groovy}.
2022-07-25 21:42:59.947 - INFO  [           main] tationConfigContextLoaderUtils : Could not detect default configuration classes for test class [com.dms.guyiyao.ServiceTest.getUserTest]: getUserTest does not declare any static, non-private, non-final, nested classes annotated with @Configuration.
2022-07-25 21:43:00.263 - INFO  [           main] ingBootTestContextBootstrapper : Found @SpringBootConfiguration com.dms.guyiyao.DemoApplication for test class com.dms.guyiyao.ServiceTest.getUserTest
2022-07-25 21:43:00.414 - INFO  [           main] bstractTestContextBootstrapper : Loaded default TestExecutionListener class names from location [META-INF/spring.factories]: [org.springframework.boot.test.mock.mockito.MockitoTestExecutionListener, org.springframework.boot.test.mock.mockito.ResetMocksTestExecutionListener, org.springframework.boot.test.autoconfigure.restdocs.RestDocsTestExecutionListener, org.springframework.boot.test.autoconfigure.web.client.MockRestServiceServerResetTestExecutionListener, org.springframework.boot.test.autoconfigure.web.servlet.MockMvcPrintOnlyOnFailureTestExecutionListener, org.springframework.boot.test.autoconfigure.web.servlet.WebDriverTestExecutionListener, org.springframework.boot.test.autoconfigure.webservices.client.MockWebServiceServerTestExecutionListener, org.springframework.test.context.web.ServletTestExecutionListener, org.springframework.test.context.support.DirtiesContextBeforeModesTestExecutionListener, org.springframework.test.context.event.ApplicationEventsTestExecutionListener, org.springframework.test.context.support.DependencyInjectionTestExecutionListener, org.springframework.test.context.support.DirtiesContextTestExecutionListener, org.springframework.test.context.transaction.TransactionalTestExecutionListener, org.springframework.test.context.jdbc.SqlScriptsTestExecutionListener, org.springframework.test.context.event.EventPublishingTestExecutionListener, org.springframework.security.test.context.support.WithSecurityContextTestExecutionListener, org.springframework.security.test.context.support.ReactorContextTestExecutionListener]
2022-07-25 21:43:00.449 - INFO  [           main] bstractTestContextBootstrapper : Using TestExecutionListeners: [org.springframework.test.context.web.ServletTestExecutionListener@5d465e4b, org.springframework.test.context.support.DirtiesContextBeforeModesTestExecutionListener@53e211ee, org.springframework.test.context.event.ApplicationEventsTestExecutionListener@41a90fa8, org.springframework.boot.test.mock.mockito.MockitoTestExecutionListener@3d8bbcdc, org.springframework.boot.test.autoconfigure.SpringBootDependencyInjectionTestExecutionListener@52500920, org.springframework.test.context.support.DirtiesContextTestExecutionListener@117e0fe5, org.springframework.test.context.transaction.TransactionalTestExecutionListener@18a3962d, org.springframework.test.context.jdbc.SqlScriptsTestExecutionListener@78aea4b9, org.springframework.test.context.event.EventPublishingTestExecutionListener@2a65bb85, org.springframework.security.test.context.support.WithSecurityContextTestExecutionListener@4b85880b, org.springframework.security.test.context.support.ReactorContextTestExecutionListener@4f936da8, org.springframework.boot.test.mock.mockito.ResetMocksTestExecutionListener@4215838f, org.springframework.boot.test.autoconfigure.restdocs.RestDocsTestExecutionListener@452ba1db, org.springframework.boot.test.autoconfigure.web.client.MockRestServiceServerResetTestExecutionListener@2289aca5, org.springframework.boot.test.autoconfigure.web.servlet.MockMvcPrintOnlyOnFailureTestExecutionListener@76a36b71, org.springframework.boot.test.autoconfigure.web.servlet.WebDriverTestExecutionListener@184497d1, org.springframework.boot.test.autoconfigure.webservices.client.MockWebServiceServerTestExecutionListener@f9d87b]
2022-07-25 21:43:01.284 - WARN  [kground-preinit] o.s.c.l.CompositeLog           : For Jackson Kotlin classes support please add "com.fasterxml.jackson.module:jackson-module-kotlin" to the classpath
2022-07-25 21:43:01.326 - INFO  [           main] o.s.b.StartupInfoLogger        : Starting getUserTest using Java 1.8.0_311 on DESKTOP-EI2Q46S with PID 22052 (started by 11641 in E:\zuomian\源码\bzy_reader\gyy_code\gyy_server_front\gyy_code)
2022-07-25 21:43:01.332 - INFO  [           main] o.s.b.SpringApplication        : The following profiles are active: dev
2022-07-25 21:43:02.813 - INFO  [           main] epositoryConfigurationDelegate : Multiple Spring Data modules found, entering strict repository configuration mode!
2022-07-25 21:43:02.837 - INFO  [           main] epositoryConfigurationDelegate : Bootstrapping Spring Data JPA repositories in DEFAULT mode.
2022-07-25 21:43:02.874 - INFO  [           main] epositoryConfigurationDelegate : Finished Spring Data repository scanning in 30 ms. Found 0 JPA repository interfaces.
2022-07-25 21:43:02.937 - INFO  [           main] epositoryConfigurationDelegate : Multiple Spring Data modules found, entering strict repository configuration mode!
2022-07-25 21:43:02.939 - INFO  [           main] epositoryConfigurationDelegate : Bootstrapping Spring Data Redis repositories in DEFAULT mode.
2022-07-25 21:43:02.964 - INFO  [           main] epositoryConfigurationDelegate : Finished Spring Data repository scanning in 13 ms. Found 0 Redis repository interfaces.
2022-07-25 21:43:03.245 - WARN  [           main] o.m.l.Logger                   : Skipping MapperFactoryBean with name 'logMapper' and 'com.dms.guyiyao.mapper.LogMapper' mapperInterface. Bean already defined with the same name!
2022-07-25 21:43:03.245 - WARN  [           main] o.m.l.Logger                   : Skipping MapperFactoryBean with name 'persistentLoginsMapper' and 'com.dms.guyiyao.mapper.PersistentLoginsMapper' mapperInterface. Bean already defined with the same name!
2022-07-25 21:43:03.245 - WARN  [           main] o.m.l.Logger                   : Skipping MapperFactoryBean with name 'seachMapper' and 'com.dms.guyiyao.mapper.SeachMapper' mapperInterface. Bean already defined with the same name!
2022-07-25 21:43:03.246 - WARN  [           main] o.m.l.Logger                   : Skipping MapperFactoryBean with name 'tcCodeMapper' and 'com.dms.guyiyao.mapper.TcCodeMapper' mapperInterface. Bean already defined with the same name!
2022-07-25 21:43:03.246 - WARN  [           main] o.m.l.Logger                   : Skipping MapperFactoryBean with name 'tsBookChapterMapper' and 'com.dms.guyiyao.mapper.TsBookChapterMapper' mapperInterface. Bean already defined with the same name!
2022-07-25 21:43:03.246 - WARN  [           main] o.m.l.Logger                   : Skipping MapperFactoryBean with name 'tsBookContentMapper' and 'com.dms.guyiyao.mapper.TsBookContentMapper' mapperInterface. Bean already defined with the same name!
2022-07-25 21:43:03.246 - WARN  [           main] o.m.l.Logger                   : Skipping MapperFactoryBean with name 'tsBookContentNoteMapper' and 'com.dms.guyiyao.mapper.TsBookContentNoteMapper' mapperInterface. Bean already defined with the same name!
2022-07-25 21:43:03.247 - WARN  [           main] o.m.l.Logger                   : Skipping MapperFactoryBean with name 'tsBookContentOrginalMapper' and 'com.dms.guyiyao.mapper.TsBookContentOrginalMapper' mapperInterface. Bean already defined with the same name!
2022-07-25 21:43:03.247 - WARN  [           main] o.m.l.Logger                   : Skipping MapperFactoryBean with name 'tsBookDifferentMapper' and 'com.dms.guyiyao.mapper.TsBookDifferentMapper' mapperInterface. Bean already defined with the same name!
2022-07-25 21:43:03.247 - WARN  [           main] o.m.l.Logger                   : Skipping MapperFactoryBean with name 'tsBookMapper' and 'com.dms.guyiyao.mapper.TsBookMapper' mapperInterface. Bean already defined with the same name!
2022-07-25 21:43:03.248 - WARN  [           main] o.m.l.Logger                   : Skipping MapperFactoryBean with name 'tsBookOrginalMapper' and 'com.dms.guyiyao.mapper.TsBookOrginalMapper' mapperInterface. Bean already defined with the same name!
2022-07-25 21:43:03.248 - WARN  [           main] o.m.l.Logger                   : Skipping MapperFactoryBean with name 'tsModelMapper' and 'com.dms.guyiyao.mapper.TsModelMapper' mapperInterface. Bean already defined with the same name!
2022-07-25 21:43:03.249 - WARN  [           main] o.m.l.Logger                   : Skipping MapperFactoryBean with name 'tsReplaceBaseMapper' and 'com.dms.guyiyao.mapper.TsReplaceBaseMapper' mapperInterface. Bean already defined with the same name!
2022-07-25 21:43:03.249 - WARN  [           main] o.m.l.Logger                   : Skipping MapperFactoryBean with name 'tsUserMapper' and 'com.dms.guyiyao.mapper.TsUserMapper' mapperInterface. Bean already defined with the same name!
2022-07-25 21:43:03.249 - WARN  [           main] o.m.l.Logger                   : No MyBatis mapper was found in '[com.dms.guyiyao.mapper]' package. Please check your configuration.
2022-07-25 21:43:03.846 - INFO  [           main] egate$BeanPostProcessorChecker : Bean 'org.springframework.security.access.expression.method.DefaultMethodSecurityExpressionHandler@6b162ecc' of type [org.springframework.security.access.expression.method.DefaultMethodSecurityExpressionHandler] is not eligible for getting processed by all BeanPostProcessors (for example: not eligible for auto-proxying)
2022-07-25 21:43:03.858 - INFO  [           main] egate$BeanPostProcessorChecker : Bean 'methodSecurityMetadataSource' of type [org.springframework.security.access.method.DelegatingMethodSecurityMetadataSource] is not eligible for getting processed by all BeanPostProcessors (for example: not eligible for auto-proxying)
2022-07-25 21:43:04.061 - INFO  [           main] c.z.h.HikariDataSource         : HikariPool-1 - Starting...
2022-07-25 21:43:04.068 - WARN  [           main] c.z.h.u.DriverDataSource       : Registered driver with driverClassName=com.mysql.jdbc.Driver was not found, trying direct instantiation.
2022-07-25 21:43:06.812 - INFO  [           main] c.z.h.HikariDataSource         : HikariPool-1 - Start completed.
2022-07-25 21:43:06.917 - INFO  [           main] o.h.j.i.u.LogHelper            : HHH000204: Processing PersistenceUnitInfo [name: default]
2022-07-25 21:43:07.002 - INFO  [           main] o.h.Version                    : HHH000412: Hibernate ORM core version 5.4.31.Final
2022-07-25 21:43:07.267 - INFO  [           main] .a.c.r.j.JavaReflectionManager : HCANN000001: Hibernate Commons Annotations {5.1.2.Final}
2022-07-25 21:43:07.544 - INFO  [           main] o.h.d.Dialect                  : HHH000400: Using dialect: org.hibernate.dialect.MySQL57Dialect
2022-07-25 21:43:07.810 - INFO  [           main] e.t.j.p.i.JtaPlatformInitiator : HHH000490: Using JtaPlatform implementation: [org.hibernate.engine.transaction.jta.platform.internal.NoJtaPlatform]
2022-07-25 21:43:07.822 - INFO  [           main] stractEntityManagerFactoryBean : Initialized JPA EntityManagerFactory for persistence unit 'default'
2022-07-25 21:43:08.318 - WARN  [           main] c.b.m.c.m.TableInfoHelper      : Warn: Could not find @TableId in Class: com.dms.guyiyao.pojo.PersistentLogins.
2022-07-25 21:43:10.636 - WARN  [           main] figuration$JpaWebConfiguration : spring.jpa.open-in-view is enabled by default. Therefore, database queries may be performed during view rendering. Explicitly configure spring.jpa.open-in-view to disable this warning
2022-07-25 21:43:13.580 - INFO  [           main] edRequestMappingHandlerMapping : Mapped URL path [/v2/api-docs] onto method [springfox.documentation.swagger2.web.Swagger2Controller#getDocumentation(String, HttpServletRequest)]
2022-07-25 21:43:13.957 - INFO  [           main] .w.s.WelcomePageHandlerMapping : Adding welcome page: class path resource [static/index.html]
2022-07-25 21:43:14.210 - INFO  [           main] s.w.DefaultSecurityFilterChain : Will secure any request with [org.springframework.security.web.context.request.async.WebAsyncManagerIntegrationFilter@22a22f1, org.springframework.security.web.context.SecurityContextPersistenceFilter@57abe94d, org.springframework.security.web.header.HeaderWriterFilter@70869678, org.springframework.web.filter.CorsFilter@2e76d0d3, org.springframework.security.web.authentication.logout.LogoutFilter@549404e7, com.dms.guyiyao.security.filter.JwtAuthenticationTokenFilter@76e2a621, org.springframework.security.web.savedrequest.RequestCacheAwareFilter@5d957cf0, org.springframework.security.web.servletapi.SecurityContextHolderAwareRequestFilter@1b901f7b, org.springframework.security.web.authentication.AnonymousAuthenticationFilter@63c88994, org.springframework.security.web.session.SessionManagementFilter@2d94279f, org.springframework.security.web.access.ExceptionTranslationFilter@8d52313, org.springframework.security.web.access.intercept.FilterSecurityInterceptor@128ca7af]
2022-07-25 21:43:15.093 - INFO  [           main] cumentationPluginsBootstrapper : Context refreshed
2022-07-25 21:43:15.147 - INFO  [           main] cumentationPluginsBootstrapper : Found 1 custom documentation plugin(s)
2022-07-25 21:43:15.230 - INFO  [           main] w.s.ApiListingReferenceScanner : Scanning for api listing references
2022-07-25 21:43:15.490 - INFO  [           main] .CachingOperationNameGenerator : Generating unique operation named: updateNickNameUsingPOST_1
2022-07-25 21:43:15.514 - INFO  [           main] o.s.b.StartupInfoLogger        : Started getUserTest in 14.676 seconds (JVM running for 17.739)
2022-07-25 21:43:15.516 - INFO  [           main] .a.ApplicationAvailabilityBean : Application availability state LivenessState changed to CORRECT
2022-07-25 21:43:15.518 - INFO  [           main] .a.ApplicationAvailabilityBean : Application availability state ReadinessState changed to ACCEPTING_TRAFFIC
2022-07-25 21:43:15.997 - WARN  [           main] .s.s.c.b.BCryptPasswordEncoder : Encoded password does not look like BCrypt
2022-07-25 21:46:21.363 - INFO  [           main] bstractTestContextBootstrapper : Neither @ContextConfiguration nor @ContextHierarchy found for test class [com.dms.guyiyao.ServiceTest.getUserTest], using SpringBootContextLoader
2022-07-25 21:46:21.373 - INFO  [           main] .s.t.c.s.AbstractContextLoader : Could not detect default resource locations for test class [com.dms.guyiyao.ServiceTest.getUserTest]: no resource found for suffixes {-context.xml, Context.groovy}.
2022-07-25 21:46:21.375 - INFO  [           main] tationConfigContextLoaderUtils : Could not detect default configuration classes for test class [com.dms.guyiyao.ServiceTest.getUserTest]: getUserTest does not declare any static, non-private, non-final, nested classes annotated with @Configuration.
2022-07-25 21:46:21.511 - INFO  [           main] ingBootTestContextBootstrapper : Found @SpringBootConfiguration com.dms.guyiyao.DemoApplication for test class com.dms.guyiyao.ServiceTest.getUserTest
2022-07-25 21:46:21.682 - INFO  [           main] bstractTestContextBootstrapper : Loaded default TestExecutionListener class names from location [META-INF/spring.factories]: [org.springframework.boot.test.mock.mockito.MockitoTestExecutionListener, org.springframework.boot.test.mock.mockito.ResetMocksTestExecutionListener, org.springframework.boot.test.autoconfigure.restdocs.RestDocsTestExecutionListener, org.springframework.boot.test.autoconfigure.web.client.MockRestServiceServerResetTestExecutionListener, org.springframework.boot.test.autoconfigure.web.servlet.MockMvcPrintOnlyOnFailureTestExecutionListener, org.springframework.boot.test.autoconfigure.web.servlet.WebDriverTestExecutionListener, org.springframework.boot.test.autoconfigure.webservices.client.MockWebServiceServerTestExecutionListener, org.springframework.test.context.web.ServletTestExecutionListener, org.springframework.test.context.support.DirtiesContextBeforeModesTestExecutionListener, org.springframework.test.context.event.ApplicationEventsTestExecutionListener, org.springframework.test.context.support.DependencyInjectionTestExecutionListener, org.springframework.test.context.support.DirtiesContextTestExecutionListener, org.springframework.test.context.transaction.TransactionalTestExecutionListener, org.springframework.test.context.jdbc.SqlScriptsTestExecutionListener, org.springframework.test.context.event.EventPublishingTestExecutionListener, org.springframework.security.test.context.support.WithSecurityContextTestExecutionListener, org.springframework.security.test.context.support.ReactorContextTestExecutionListener]
2022-07-25 21:46:21.705 - INFO  [           main] bstractTestContextBootstrapper : Using TestExecutionListeners: [org.springframework.test.context.web.ServletTestExecutionListener@165b8a71, org.springframework.test.context.support.DirtiesContextBeforeModesTestExecutionListener@6175619b, org.springframework.test.context.event.ApplicationEventsTestExecutionListener@2f058b8a, org.springframework.boot.test.mock.mockito.MockitoTestExecutionListener@756cf158, org.springframework.boot.test.autoconfigure.SpringBootDependencyInjectionTestExecutionListener@3f2ef586, org.springframework.test.context.support.DirtiesContextTestExecutionListener@751d3241, org.springframework.test.context.transaction.TransactionalTestExecutionListener@76c7beb3, org.springframework.test.context.jdbc.SqlScriptsTestExecutionListener@64337702, org.springframework.test.context.event.EventPublishingTestExecutionListener@2cf92cc7, org.springframework.security.test.context.support.WithSecurityContextTestExecutionListener@30ea8c23, org.springframework.security.test.context.support.ReactorContextTestExecutionListener@7b139eab, org.springframework.boot.test.mock.mockito.ResetMocksTestExecutionListener@4e76dac, org.springframework.boot.test.autoconfigure.restdocs.RestDocsTestExecutionListener@611df6e3, org.springframework.boot.test.autoconfigure.web.client.MockRestServiceServerResetTestExecutionListener@5f2f577, org.springframework.boot.test.autoconfigure.web.servlet.MockMvcPrintOnlyOnFailureTestExecutionListener@6273c5a4, org.springframework.boot.test.autoconfigure.web.servlet.WebDriverTestExecutionListener@5d465e4b, org.springframework.boot.test.autoconfigure.webservices.client.MockWebServiceServerTestExecutionListener@53e211ee]
2022-07-25 21:46:22.085 - WARN  [kground-preinit] o.s.c.l.CompositeLog           : For Jackson Kotlin classes support please add "com.fasterxml.jackson.module:jackson-module-kotlin" to the classpath
2022-07-25 21:46:22.088 - INFO  [           main] o.s.b.StartupInfoLogger        : Starting getUserTest using Java 1.8.0_311 on DESKTOP-EI2Q46S with PID 22916 (started by 11641 in E:\zuomian\源码\bzy_reader\gyy_code\gyy_server_front\gyy_code)
2022-07-25 21:46:22.092 - INFO  [           main] o.s.b.SpringApplication        : The following profiles are active: dev
2022-07-25 21:46:23.489 - INFO  [           main] epositoryConfigurationDelegate : Multiple Spring Data modules found, entering strict repository configuration mode!
2022-07-25 21:46:23.492 - INFO  [           main] epositoryConfigurationDelegate : Bootstrapping Spring Data JPA repositories in DEFAULT mode.
2022-07-25 21:46:23.592 - INFO  [           main] epositoryConfigurationDelegate : Finished Spring Data repository scanning in 40 ms. Found 0 JPA repository interfaces.
2022-07-25 21:46:23.617 - INFO  [           main] epositoryConfigurationDelegate : Multiple Spring Data modules found, entering strict repository configuration mode!
2022-07-25 21:46:23.618 - INFO  [           main] epositoryConfigurationDelegate : Bootstrapping Spring Data Redis repositories in DEFAULT mode.
2022-07-25 21:46:23.647 - INFO  [           main] epositoryConfigurationDelegate : Finished Spring Data repository scanning in 16 ms. Found 0 Redis repository interfaces.
2022-07-25 21:46:23.924 - WARN  [           main] o.m.l.Logger                   : Skipping MapperFactoryBean with name 'logMapper' and 'com.dms.guyiyao.mapper.LogMapper' mapperInterface. Bean already defined with the same name!
2022-07-25 21:46:23.925 - WARN  [           main] o.m.l.Logger                   : Skipping MapperFactoryBean with name 'persistentLoginsMapper' and 'com.dms.guyiyao.mapper.PersistentLoginsMapper' mapperInterface. Bean already defined with the same name!
2022-07-25 21:46:23.925 - WARN  [           main] o.m.l.Logger                   : Skipping MapperFactoryBean with name 'seachMapper' and 'com.dms.guyiyao.mapper.SeachMapper' mapperInterface. Bean already defined with the same name!
2022-07-25 21:46:23.926 - WARN  [           main] o.m.l.Logger                   : Skipping MapperFactoryBean with name 'tcCodeMapper' and 'com.dms.guyiyao.mapper.TcCodeMapper' mapperInterface. Bean already defined with the same name!
2022-07-25 21:46:23.926 - WARN  [           main] o.m.l.Logger                   : Skipping MapperFactoryBean with name 'tsBookChapterMapper' and 'com.dms.guyiyao.mapper.TsBookChapterMapper' mapperInterface. Bean already defined with the same name!
2022-07-25 21:46:23.926 - WARN  [           main] o.m.l.Logger                   : Skipping MapperFactoryBean with name 'tsBookContentMapper' and 'com.dms.guyiyao.mapper.TsBookContentMapper' mapperInterface. Bean already defined with the same name!
2022-07-25 21:46:23.926 - WARN  [           main] o.m.l.Logger                   : Skipping MapperFactoryBean with name 'tsBookContentNoteMapper' and 'com.dms.guyiyao.mapper.TsBookContentNoteMapper' mapperInterface. Bean already defined with the same name!
2022-07-25 21:46:23.927 - WARN  [           main] o.m.l.Logger                   : Skipping MapperFactoryBean with name 'tsBookContentOrginalMapper' and 'com.dms.guyiyao.mapper.TsBookContentOrginalMapper' mapperInterface. Bean already defined with the same name!
2022-07-25 21:46:23.927 - WARN  [           main] o.m.l.Logger                   : Skipping MapperFactoryBean with name 'tsBookDifferentMapper' and 'com.dms.guyiyao.mapper.TsBookDifferentMapper' mapperInterface. Bean already defined with the same name!
2022-07-25 21:46:23.928 - WARN  [           main] o.m.l.Logger                   : Skipping MapperFactoryBean with name 'tsBookMapper' and 'com.dms.guyiyao.mapper.TsBookMapper' mapperInterface. Bean already defined with the same name!
2022-07-25 21:46:23.928 - WARN  [           main] o.m.l.Logger                   : Skipping MapperFactoryBean with name 'tsBookOrginalMapper' and 'com.dms.guyiyao.mapper.TsBookOrginalMapper' mapperInterface. Bean already defined with the same name!
2022-07-25 21:46:23.928 - WARN  [           main] o.m.l.Logger                   : Skipping MapperFactoryBean with name 'tsModelMapper' and 'com.dms.guyiyao.mapper.TsModelMapper' mapperInterface. Bean already defined with the same name!
2022-07-25 21:46:23.929 - WARN  [           main] o.m.l.Logger                   : Skipping MapperFactoryBean with name 'tsReplaceBaseMapper' and 'com.dms.guyiyao.mapper.TsReplaceBaseMapper' mapperInterface. Bean already defined with the same name!
2022-07-25 21:46:23.929 - WARN  [           main] o.m.l.Logger                   : Skipping MapperFactoryBean with name 'tsUserMapper' and 'com.dms.guyiyao.mapper.TsUserMapper' mapperInterface. Bean already defined with the same name!
2022-07-25 21:46:23.930 - WARN  [           main] o.m.l.Logger                   : No MyBatis mapper was found in '[com.dms.guyiyao.mapper]' package. Please check your configuration.
2022-07-25 21:46:24.512 - INFO  [           main] egate$BeanPostProcessorChecker : Bean 'org.springframework.security.access.expression.method.DefaultMethodSecurityExpressionHandler@580902cd' of type [org.springframework.security.access.expression.method.DefaultMethodSecurityExpressionHandler] is not eligible for getting processed by all BeanPostProcessors (for example: not eligible for auto-proxying)
2022-07-25 21:46:24.528 - INFO  [           main] egate$BeanPostProcessorChecker : Bean 'methodSecurityMetadataSource' of type [org.springframework.security.access.method.DelegatingMethodSecurityMetadataSource] is not eligible for getting processed by all BeanPostProcessors (for example: not eligible for auto-proxying)
2022-07-25 21:46:24.763 - INFO  [           main] c.z.h.HikariDataSource         : HikariPool-1 - Starting...
2022-07-25 21:46:24.770 - WARN  [           main] c.z.h.u.DriverDataSource       : Registered driver with driverClassName=com.mysql.jdbc.Driver was not found, trying direct instantiation.
2022-07-25 21:46:27.608 - INFO  [           main] c.z.h.HikariDataSource         : HikariPool-1 - Start completed.
2022-07-25 21:46:27.680 - INFO  [           main] o.h.j.i.u.LogHelper            : HHH000204: Processing PersistenceUnitInfo [name: default]
2022-07-25 21:46:27.749 - INFO  [           main] o.h.Version                    : HHH000412: Hibernate ORM core version 5.4.31.Final
2022-07-25 21:46:27.928 - INFO  [           main] .a.c.r.j.JavaReflectionManager : HCANN000001: Hibernate Commons Annotations {5.1.2.Final}
2022-07-25 21:46:28.094 - INFO  [           main] o.h.d.Dialect                  : HHH000400: Using dialect: org.hibernate.dialect.MySQL57Dialect
2022-07-25 21:46:28.372 - INFO  [           main] e.t.j.p.i.JtaPlatformInitiator : HHH000490: Using JtaPlatform implementation: [org.hibernate.engine.transaction.jta.platform.internal.NoJtaPlatform]
2022-07-25 21:46:28.384 - INFO  [           main] stractEntityManagerFactoryBean : Initialized JPA EntityManagerFactory for persistence unit 'default'
2022-07-25 21:46:28.872 - WARN  [           main] c.b.m.c.m.TableInfoHelper      : Warn: Could not find @TableId in Class: com.dms.guyiyao.pojo.PersistentLogins.
2022-07-25 21:46:30.949 - WARN  [           main] figuration$JpaWebConfiguration : spring.jpa.open-in-view is enabled by default. Therefore, database queries may be performed during view rendering. Explicitly configure spring.jpa.open-in-view to disable this warning
2022-07-25 21:46:33.037 - INFO  [           main] edRequestMappingHandlerMapping : Mapped URL path [/v2/api-docs] onto method [springfox.documentation.swagger2.web.Swagger2Controller#getDocumentation(String, HttpServletRequest)]
2022-07-25 21:46:33.319 - INFO  [           main] .w.s.WelcomePageHandlerMapping : Adding welcome page: class path resource [static/index.html]
2022-07-25 21:46:33.522 - INFO  [           main] s.w.DefaultSecurityFilterChain : Will secure any request with [org.springframework.security.web.context.request.async.WebAsyncManagerIntegrationFilter@22a22f1, org.springframework.security.web.context.SecurityContextPersistenceFilter@8d52313, org.springframework.security.web.header.HeaderWriterFilter@6d57b264, org.springframework.web.filter.CorsFilter@2e76d0d3, org.springframework.security.web.authentication.logout.LogoutFilter@2041c9a3, com.dms.guyiyao.security.filter.JwtAuthenticationTokenFilter@64887fbc, org.springframework.security.web.savedrequest.RequestCacheAwareFilter@23e3a27f, org.springframework.security.web.servletapi.SecurityContextHolderAwareRequestFilter@5d957cf0, org.springframework.security.web.authentication.AnonymousAuthenticationFilter@63c88994, org.springframework.security.web.session.SessionManagementFilter@775a5a67, org.springframework.security.web.access.ExceptionTranslationFilter@56887c8f, org.springframework.security.web.access.intercept.FilterSecurityInterceptor@7e4dddee]
2022-07-25 21:46:34.264 - INFO  [           main] cumentationPluginsBootstrapper : Context refreshed
2022-07-25 21:46:34.294 - INFO  [           main] cumentationPluginsBootstrapper : Found 1 custom documentation plugin(s)
2022-07-25 21:46:34.336 - INFO  [           main] w.s.ApiListingReferenceScanner : Scanning for api listing references
2022-07-25 21:46:34.575 - INFO  [           main] .CachingOperationNameGenerator : Generating unique operation named: updateNickNameUsingPOST_1
2022-07-25 21:46:34.596 - INFO  [           main] o.s.b.StartupInfoLogger        : Started getUserTest in 12.849 seconds (JVM running for 14.927)
2022-07-25 21:46:34.598 - INFO  [           main] .a.ApplicationAvailabilityBean : Application availability state LivenessState changed to CORRECT
2022-07-25 21:46:34.601 - INFO  [           main] .a.ApplicationAvailabilityBean : Application availability state ReadinessState changed to ACCEPTING_TRAFFIC
2022-07-25 21:46:34.700 - WARN  [           main] .s.s.c.b.BCryptPasswordEncoder : Encoded password does not look like BCrypt
2022-07-25 21:46:34.700 - WARN  [           main] .s.s.c.b.BCryptPasswordEncoder : Encoded password does not look like BCrypt
2022-07-25 22:14:42.596 - INFO  [           main] bstractTestContextBootstrapper : Neither @ContextConfiguration nor @ContextHierarchy found for test class [com.dms.guyiyao.ServiceTest.getUserTest], using SpringBootContextLoader
2022-07-25 22:14:42.607 - INFO  [           main] .s.t.c.s.AbstractContextLoader : Could not detect default resource locations for test class [com.dms.guyiyao.ServiceTest.getUserTest]: no resource found for suffixes {-context.xml, Context.groovy}.
2022-07-25 22:14:42.608 - INFO  [           main] tationConfigContextLoaderUtils : Could not detect default configuration classes for test class [com.dms.guyiyao.ServiceTest.getUserTest]: getUserTest does not declare any static, non-private, non-final, nested classes annotated with @Configuration.
2022-07-25 22:14:42.769 - INFO  [           main] ingBootTestContextBootstrapper : Found @SpringBootConfiguration com.dms.guyiyao.DemoApplication for test class com.dms.guyiyao.ServiceTest.getUserTest
2022-07-25 22:14:42.930 - INFO  [           main] bstractTestContextBootstrapper : Loaded default TestExecutionListener class names from location [META-INF/spring.factories]: [org.springframework.boot.test.mock.mockito.MockitoTestExecutionListener, org.springframework.boot.test.mock.mockito.ResetMocksTestExecutionListener, org.springframework.boot.test.autoconfigure.restdocs.RestDocsTestExecutionListener, org.springframework.boot.test.autoconfigure.web.client.MockRestServiceServerResetTestExecutionListener, org.springframework.boot.test.autoconfigure.web.servlet.MockMvcPrintOnlyOnFailureTestExecutionListener, org.springframework.boot.test.autoconfigure.web.servlet.WebDriverTestExecutionListener, org.springframework.boot.test.autoconfigure.webservices.client.MockWebServiceServerTestExecutionListener, org.springframework.test.context.web.ServletTestExecutionListener, org.springframework.test.context.support.DirtiesContextBeforeModesTestExecutionListener, org.springframework.test.context.event.ApplicationEventsTestExecutionListener, org.springframework.test.context.support.DependencyInjectionTestExecutionListener, org.springframework.test.context.support.DirtiesContextTestExecutionListener, org.springframework.test.context.transaction.TransactionalTestExecutionListener, org.springframework.test.context.jdbc.SqlScriptsTestExecutionListener, org.springframework.test.context.event.EventPublishingTestExecutionListener, org.springframework.security.test.context.support.WithSecurityContextTestExecutionListener, org.springframework.security.test.context.support.ReactorContextTestExecutionListener]
2022-07-25 22:14:42.960 - INFO  [           main] bstractTestContextBootstrapper : Using TestExecutionListeners: [org.springframework.test.context.web.ServletTestExecutionListener@165b8a71, org.springframework.test.context.support.DirtiesContextBeforeModesTestExecutionListener@6175619b, org.springframework.test.context.event.ApplicationEventsTestExecutionListener@2f058b8a, org.springframework.boot.test.mock.mockito.MockitoTestExecutionListener@756cf158, org.springframework.boot.test.autoconfigure.SpringBootDependencyInjectionTestExecutionListener@3f2ef586, org.springframework.test.context.support.DirtiesContextTestExecutionListener@751d3241, org.springframework.test.context.transaction.TransactionalTestExecutionListener@76c7beb3, org.springframework.test.context.jdbc.SqlScriptsTestExecutionListener@64337702, org.springframework.test.context.event.EventPublishingTestExecutionListener@2cf92cc7, org.springframework.security.test.context.support.WithSecurityContextTestExecutionListener@30ea8c23, org.springframework.security.test.context.support.ReactorContextTestExecutionListener@7b139eab, org.springframework.boot.test.mock.mockito.ResetMocksTestExecutionListener@4e76dac, org.springframework.boot.test.autoconfigure.restdocs.RestDocsTestExecutionListener@611df6e3, org.springframework.boot.test.autoconfigure.web.client.MockRestServiceServerResetTestExecutionListener@5f2f577, org.springframework.boot.test.autoconfigure.web.servlet.MockMvcPrintOnlyOnFailureTestExecutionListener@6273c5a4, org.springframework.boot.test.autoconfigure.web.servlet.WebDriverTestExecutionListener@5d465e4b, org.springframework.boot.test.autoconfigure.webservices.client.MockWebServiceServerTestExecutionListener@53e211ee]
2022-07-25 22:14:43.284 - WARN  [kground-preinit] o.s.c.l.CompositeLog           : For Jackson Kotlin classes support please add "com.fasterxml.jackson.module:jackson-module-kotlin" to the classpath
2022-07-25 22:14:43.290 - INFO  [           main] o.s.b.StartupInfoLogger        : Starting getUserTest using Java 1.8.0_311 on DESKTOP-EI2Q46S with PID 2384 (started by 11641 in E:\zuomian\源码\bzy_reader\gyy_code\gyy_server_front\gyy_code)
2022-07-25 22:14:43.293 - INFO  [           main] o.s.b.SpringApplication        : The following profiles are active: dev
2022-07-25 22:14:44.612 - INFO  [           main] epositoryConfigurationDelegate : Multiple Spring Data modules found, entering strict repository configuration mode!
2022-07-25 22:14:44.615 - INFO  [           main] epositoryConfigurationDelegate : Bootstrapping Spring Data JPA repositories in DEFAULT mode.
2022-07-25 22:14:44.712 - INFO  [           main] epositoryConfigurationDelegate : Finished Spring Data repository scanning in 43 ms. Found 0 JPA repository interfaces.
2022-07-25 22:14:44.734 - INFO  [           main] epositoryConfigurationDelegate : Multiple Spring Data modules found, entering strict repository configuration mode!
2022-07-25 22:14:44.735 - INFO  [           main] epositoryConfigurationDelegate : Bootstrapping Spring Data Redis repositories in DEFAULT mode.
2022-07-25 22:14:44.758 - INFO  [           main] epositoryConfigurationDelegate : Finished Spring Data repository scanning in 11 ms. Found 0 Redis repository interfaces.
2022-07-25 22:14:44.979 - WARN  [           main] o.m.l.Logger                   : Skipping MapperFactoryBean with name 'logMapper' and 'com.dms.guyiyao.mapper.LogMapper' mapperInterface. Bean already defined with the same name!
2022-07-25 22:14:44.979 - WARN  [           main] o.m.l.Logger                   : Skipping MapperFactoryBean with name 'persistentLoginsMapper' and 'com.dms.guyiyao.mapper.PersistentLoginsMapper' mapperInterface. Bean already defined with the same name!
2022-07-25 22:14:44.979 - WARN  [           main] o.m.l.Logger                   : Skipping MapperFactoryBean with name 'seachMapper' and 'com.dms.guyiyao.mapper.SeachMapper' mapperInterface. Bean already defined with the same name!
2022-07-25 22:14:44.979 - WARN  [           main] o.m.l.Logger                   : Skipping MapperFactoryBean with name 'tcCodeMapper' and 'com.dms.guyiyao.mapper.TcCodeMapper' mapperInterface. Bean already defined with the same name!
2022-07-25 22:14:44.979 - WARN  [           main] o.m.l.Logger                   : Skipping MapperFactoryBean with name 'tsBookChapterMapper' and 'com.dms.guyiyao.mapper.TsBookChapterMapper' mapperInterface. Bean already defined with the same name!
2022-07-25 22:14:44.980 - WARN  [           main] o.m.l.Logger                   : Skipping MapperFactoryBean with name 'tsBookContentMapper' and 'com.dms.guyiyao.mapper.TsBookContentMapper' mapperInterface. Bean already defined with the same name!
2022-07-25 22:14:44.980 - WARN  [           main] o.m.l.Logger                   : Skipping MapperFactoryBean with name 'tsBookContentNoteMapper' and 'com.dms.guyiyao.mapper.TsBookContentNoteMapper' mapperInterface. Bean already defined with the same name!
2022-07-25 22:14:44.980 - WARN  [           main] o.m.l.Logger                   : Skipping MapperFactoryBean with name 'tsBookContentOrginalMapper' and 'com.dms.guyiyao.mapper.TsBookContentOrginalMapper' mapperInterface. Bean already defined with the same name!
2022-07-25 22:14:44.980 - WARN  [           main] o.m.l.Logger                   : Skipping MapperFactoryBean with name 'tsBookDifferentMapper' and 'com.dms.guyiyao.mapper.TsBookDifferentMapper' mapperInterface. Bean already defined with the same name!
2022-07-25 22:14:44.981 - WARN  [           main] o.m.l.Logger                   : Skipping MapperFactoryBean with name 'tsBookMapper' and 'com.dms.guyiyao.mapper.TsBookMapper' mapperInterface. Bean already defined with the same name!
2022-07-25 22:14:44.981 - WARN  [           main] o.m.l.Logger                   : Skipping MapperFactoryBean with name 'tsBookOrginalMapper' and 'com.dms.guyiyao.mapper.TsBookOrginalMapper' mapperInterface. Bean already defined with the same name!
2022-07-25 22:14:44.981 - WARN  [           main] o.m.l.Logger                   : Skipping MapperFactoryBean with name 'tsModelMapper' and 'com.dms.guyiyao.mapper.TsModelMapper' mapperInterface. Bean already defined with the same name!
2022-07-25 22:14:44.981 - WARN  [           main] o.m.l.Logger                   : Skipping MapperFactoryBean with name 'tsReplaceBaseMapper' and 'com.dms.guyiyao.mapper.TsReplaceBaseMapper' mapperInterface. Bean already defined with the same name!
2022-07-25 22:14:44.981 - WARN  [           main] o.m.l.Logger                   : Skipping MapperFactoryBean with name 'tsUserMapper' and 'com.dms.guyiyao.mapper.TsUserMapper' mapperInterface. Bean already defined with the same name!
2022-07-25 22:14:44.982 - WARN  [           main] o.m.l.Logger                   : No MyBatis mapper was found in '[com.dms.guyiyao.mapper]' package. Please check your configuration.
2022-07-25 22:14:45.476 - INFO  [           main] egate$BeanPostProcessorChecker : Bean 'org.springframework.security.access.expression.method.DefaultMethodSecurityExpressionHandler@437c4b25' of type [org.springframework.security.access.expression.method.DefaultMethodSecurityExpressionHandler] is not eligible for getting processed by all BeanPostProcessors (for example: not eligible for auto-proxying)
2022-07-25 22:14:45.494 - INFO  [           main] egate$BeanPostProcessorChecker : Bean 'methodSecurityMetadataSource' of type [org.springframework.security.access.method.DelegatingMethodSecurityMetadataSource] is not eligible for getting processed by all BeanPostProcessors (for example: not eligible for auto-proxying)
2022-07-25 22:14:45.728 - INFO  [           main] c.z.h.HikariDataSource         : HikariPool-1 - Starting...
2022-07-25 22:14:45.734 - WARN  [           main] c.z.h.u.DriverDataSource       : Registered driver with driverClassName=com.mysql.jdbc.Driver was not found, trying direct instantiation.
2022-07-25 22:14:48.703 - INFO  [           main] c.z.h.HikariDataSource         : HikariPool-1 - Start completed.
2022-07-25 22:14:48.786 - INFO  [           main] o.h.j.i.u.LogHelper            : HHH000204: Processing PersistenceUnitInfo [name: default]
2022-07-25 22:14:48.869 - INFO  [           main] o.h.Version                    : HHH000412: Hibernate ORM core version 5.4.31.Final
2022-07-25 22:14:49.046 - INFO  [           main] .a.c.r.j.JavaReflectionManager : HCANN000001: Hibernate Commons Annotations {5.1.2.Final}
2022-07-25 22:14:49.222 - INFO  [           main] o.h.d.Dialect                  : HHH000400: Using dialect: org.hibernate.dialect.MySQL57Dialect
2022-07-25 22:14:49.484 - INFO  [           main] e.t.j.p.i.JtaPlatformInitiator : HHH000490: Using JtaPlatform implementation: [org.hibernate.engine.transaction.jta.platform.internal.NoJtaPlatform]
2022-07-25 22:14:49.496 - INFO  [           main] stractEntityManagerFactoryBean : Initialized JPA EntityManagerFactory for persistence unit 'default'
2022-07-25 22:14:50.020 - WARN  [           main] c.b.m.c.m.TableInfoHelper      : Warn: Could not find @TableId in Class: com.dms.guyiyao.pojo.PersistentLogins.
2022-07-25 22:14:52.204 - WARN  [           main] figuration$JpaWebConfiguration : spring.jpa.open-in-view is enabled by default. Therefore, database queries may be performed during view rendering. Explicitly configure spring.jpa.open-in-view to disable this warning
2022-07-25 22:14:54.372 - INFO  [           main] edRequestMappingHandlerMapping : Mapped URL path [/v2/api-docs] onto method [springfox.documentation.swagger2.web.Swagger2Controller#getDocumentation(String, HttpServletRequest)]
2022-07-25 22:14:54.670 - INFO  [           main] .w.s.WelcomePageHandlerMapping : Adding welcome page: class path resource [static/index.html]
2022-07-25 22:14:54.881 - INFO  [           main] s.w.DefaultSecurityFilterChain : Will secure any request with [org.springframework.security.web.context.request.async.WebAsyncManagerIntegrationFilter@3d763ae5, org.springframework.security.web.context.SecurityContextPersistenceFilter@5d957cf0, org.springframework.security.web.header.HeaderWriterFilter@2d94279f, org.springframework.web.filter.CorsFilter@2dfab167, org.springframework.security.web.authentication.logout.LogoutFilter@346a2799, com.dms.guyiyao.security.filter.JwtAuthenticationTokenFilter@26b3fe8, org.springframework.security.web.savedrequest.RequestCacheAwareFilter@1221d607, org.springframework.security.web.servletapi.SecurityContextHolderAwareRequestFilter@1a1e38ab, org.springframework.security.web.authentication.AnonymousAuthenticationFilter@30eee098, org.springframework.security.web.session.SessionManagementFilter@57abe94d, org.springframework.security.web.access.ExceptionTranslationFilter@23e3a27f, org.springframework.security.web.access.intercept.FilterSecurityInterceptor@57d7c511]
2022-07-25 22:14:55.801 - INFO  [           main] cumentationPluginsBootstrapper : Context refreshed
2022-07-25 22:14:55.842 - INFO  [           main] cumentationPluginsBootstrapper : Found 1 custom documentation plugin(s)
2022-07-25 22:14:55.887 - INFO  [           main] w.s.ApiListingReferenceScanner : Scanning for api listing references
2022-07-25 22:14:56.418 - INFO  [           main] .CachingOperationNameGenerator : Generating unique operation named: updateNickNameUsingPOST_1
2022-07-25 22:14:56.454 - INFO  [           main] o.s.b.StartupInfoLogger        : Started getUserTest in 13.45 seconds (JVM running for 15.653)
2022-07-25 22:14:56.457 - INFO  [           main] .a.ApplicationAvailabilityBean : Application availability state LivenessState changed to CORRECT
2022-07-25 22:14:56.460 - INFO  [           main] .a.ApplicationAvailabilityBean : Application availability state ReadinessState changed to ACCEPTING_TRAFFIC
2022-07-25 22:14:56.619 - WARN  [           main] .s.s.c.b.BCryptPasswordEncoder : Encoded password does not look like BCrypt
2022-07-25 22:14:56.620 - WARN  [           main] .s.s.c.b.BCryptPasswordEncoder : Encoded password does not look like BCrypt
2022-07-25 22:59:04.264 - INFO  [           main] bstractTestContextBootstrapper : Neither @ContextConfiguration nor @ContextHierarchy found for test class [com.dms.guyiyao.ServiceTest.getUserTest], using SpringBootContextLoader
2022-07-25 22:59:04.282 - INFO  [           main] .s.t.c.s.AbstractContextLoader : Could not detect default resource locations for test class [com.dms.guyiyao.ServiceTest.getUserTest]: no resource found for suffixes {-context.xml, Context.groovy}.
2022-07-25 22:59:04.283 - INFO  [           main] tationConfigContextLoaderUtils : Could not detect default configuration classes for test class [com.dms.guyiyao.ServiceTest.getUserTest]: getUserTest does not declare any static, non-private, non-final, nested classes annotated with @Configuration.
2022-07-25 22:59:04.442 - INFO  [           main] ingBootTestContextBootstrapper : Found @SpringBootConfiguration com.dms.guyiyao.DemoApplication for test class com.dms.guyiyao.ServiceTest.getUserTest
2022-07-25 22:59:04.669 - INFO  [           main] bstractTestContextBootstrapper : Loaded default TestExecutionListener class names from location [META-INF/spring.factories]: [org.springframework.boot.test.mock.mockito.MockitoTestExecutionListener, org.springframework.boot.test.mock.mockito.ResetMocksTestExecutionListener, org.springframework.boot.test.autoconfigure.restdocs.RestDocsTestExecutionListener, org.springframework.boot.test.autoconfigure.web.client.MockRestServiceServerResetTestExecutionListener, org.springframework.boot.test.autoconfigure.web.servlet.MockMvcPrintOnlyOnFailureTestExecutionListener, org.springframework.boot.test.autoconfigure.web.servlet.WebDriverTestExecutionListener, org.springframework.boot.test.autoconfigure.webservices.client.MockWebServiceServerTestExecutionListener, org.springframework.test.context.web.ServletTestExecutionListener, org.springframework.test.context.support.DirtiesContextBeforeModesTestExecutionListener, org.springframework.test.context.event.ApplicationEventsTestExecutionListener, org.springframework.test.context.support.DependencyInjectionTestExecutionListener, org.springframework.test.context.support.DirtiesContextTestExecutionListener, org.springframework.test.context.transaction.TransactionalTestExecutionListener, org.springframework.test.context.jdbc.SqlScriptsTestExecutionListener, org.springframework.test.context.event.EventPublishingTestExecutionListener, org.springframework.security.test.context.support.WithSecurityContextTestExecutionListener, org.springframework.security.test.context.support.ReactorContextTestExecutionListener]
2022-07-25 22:59:04.715 - INFO  [           main] bstractTestContextBootstrapper : Using TestExecutionListeners: [org.springframework.test.context.web.ServletTestExecutionListener@165b8a71, org.springframework.test.context.support.DirtiesContextBeforeModesTestExecutionListener@6175619b, org.springframework.test.context.event.ApplicationEventsTestExecutionListener@2f058b8a, org.springframework.boot.test.mock.mockito.MockitoTestExecutionListener@756cf158, org.springframework.boot.test.autoconfigure.SpringBootDependencyInjectionTestExecutionListener@3f2ef586, org.springframework.test.context.support.DirtiesContextTestExecutionListener@751d3241, org.springframework.test.context.transaction.TransactionalTestExecutionListener@76c7beb3, org.springframework.test.context.jdbc.SqlScriptsTestExecutionListener@64337702, org.springframework.test.context.event.EventPublishingTestExecutionListener@2cf92cc7, org.springframework.security.test.context.support.WithSecurityContextTestExecutionListener@30ea8c23, org.springframework.security.test.context.support.ReactorContextTestExecutionListener@7b139eab, org.springframework.boot.test.mock.mockito.ResetMocksTestExecutionListener@4e76dac, org.springframework.boot.test.autoconfigure.restdocs.RestDocsTestExecutionListener@611df6e3, org.springframework.boot.test.autoconfigure.web.client.MockRestServiceServerResetTestExecutionListener@5f2f577, org.springframework.boot.test.autoconfigure.web.servlet.MockMvcPrintOnlyOnFailureTestExecutionListener@6273c5a4, org.springframework.boot.test.autoconfigure.web.servlet.WebDriverTestExecutionListener@5d465e4b, org.springframework.boot.test.autoconfigure.webservices.client.MockWebServiceServerTestExecutionListener@53e211ee]
2022-07-25 22:59:05.214 - WARN  [kground-preinit] o.s.c.l.CompositeLog           : For Jackson Kotlin classes support please add "com.fasterxml.jackson.module:jackson-module-kotlin" to the classpath
2022-07-25 22:59:05.221 - INFO  [           main] o.s.b.StartupInfoLogger        : Starting getUserTest using Java 1.8.0_311 on DESKTOP-EI2Q46S with PID 2024 (started by 11641 in E:\zuomian\源码\bzy_reader\gyy_code\gyy_server_front\gyy_code)
2022-07-25 22:59:05.226 - INFO  [           main] o.s.b.SpringApplication        : The following profiles are active: dev
2022-07-25 22:59:06.630 - INFO  [           main] epositoryConfigurationDelegate : Multiple Spring Data modules found, entering strict repository configuration mode!
2022-07-25 22:59:06.633 - INFO  [           main] epositoryConfigurationDelegate : Bootstrapping Spring Data JPA repositories in DEFAULT mode.
2022-07-25 22:59:06.736 - INFO  [           main] epositoryConfigurationDelegate : Finished Spring Data repository scanning in 43 ms. Found 0 JPA repository interfaces.
2022-07-25 22:59:06.772 - INFO  [           main] epositoryConfigurationDelegate : Multiple Spring Data modules found, entering strict repository configuration mode!
2022-07-25 22:59:06.774 - INFO  [           main] epositoryConfigurationDelegate : Bootstrapping Spring Data Redis repositories in DEFAULT mode.
2022-07-25 22:59:06.803 - INFO  [           main] epositoryConfigurationDelegate : Finished Spring Data repository scanning in 17 ms. Found 0 Redis repository interfaces.
2022-07-25 22:59:07.090 - WARN  [           main] c.s.AbstractApplicationContext : Exception encountered during context initialization - cancelling refresh attempt: org.springframework.beans.factory.CannotLoadBeanClassException: Error loading class [com.dms.guyiyao.service.Impl.TsBookServiceImpl] for bean with name 'tsBookServiceImpl' defined in file [E:\zuomian\源码\bzy_reader\gyy_code\gyy_server_front\gyy_code\target\classes\com\dms\guyiyao\service\Impl\TsBookServiceImpl.class]: problem with class file or dependent class; nested exception is java.lang.NoClassDefFoundError: com/dms/guyiyao/service/ITsBookService
2022-07-25 22:59:07.099 - INFO  [           main] valuationReportLoggingListener : 

Error starting ApplicationContext. To display the conditions report re-run your application with 'debug' enabled.
