2022-09-03 21:22:33.599 - INFO  [           main] o.s.b.StartupInfoLogger        : Starting TsBookServiceImpl using Java 1.8.0_311 on DESKTOP-EI2Q46S with PID 20332 (E:\zuomian\源码\bzy_reader\gyy_code\gyy_server_front\gyy_code\target\classes started by 11641 in E:\zuomian\源码\bzy_reader\gyy_code\gyy_server_front)
2022-09-03 21:22:33.593 - WARN  [kground-preinit] o.s.c.l.CompositeLog           : For Jackson Kotlin classes support please add "com.fasterxml.jackson.module:jackson-module-kotlin" to the classpath
2022-09-03 21:22:33.624 - INFO  [           main] o.s.b.SpringApplication        : The following profiles are active: dev
2022-09-03 21:22:34.895 - INFO  [           main] epositoryConfigurationDelegate : Multiple Spring Data modules found, entering strict repository configuration mode!
2022-09-03 21:22:34.900 - INFO  [           main] epositoryConfigurationDelegate : Bootstrapping Spring Data Redis repositories in DEFAULT mode.
2022-09-03 21:22:34.961 - INFO  [           main] epositoryConfigurationDelegate : Finished Spring Data repository scanning in 41 ms. Found 0 Redis repository interfaces.
2022-09-03 21:22:35.572 - INFO  [           main] egate$BeanPostProcessorChecker : Bean 'org.springframework.security.access.expression.method.DefaultMethodSecurityExpressionHandler@1e84f3c8' of type [org.springframework.security.access.expression.method.DefaultMethodSecurityExpressionHandler] is not eligible for getting processed by all BeanPostProcessors (for example: not eligible for auto-proxying)
2022-09-03 21:22:35.579 - INFO  [           main] egate$BeanPostProcessorChecker : Bean 'methodSecurityMetadataSource' of type [org.springframework.security.access.method.DelegatingMethodSecurityMetadataSource] is not eligible for getting processed by all BeanPostProcessors (for example: not eligible for auto-proxying)
2022-09-03 21:22:36.880 - INFO  [           main] o.s.b.w.e.t.TomcatWebServer    : Tomcat initialized with port(s): 8099 (http)
2022-09-03 21:22:36.894 - INFO  [           main] o.a.j.l.DirectJDKLog           : Initializing ProtocolHandler ["http-nio-8099"]
2022-09-03 21:22:36.894 - INFO  [           main] o.a.j.l.DirectJDKLog           : Starting service [Tomcat]
2022-09-03 21:22:36.894 - INFO  [           main] o.a.j.l.DirectJDKLog           : Starting Servlet engine: [Apache Tomcat/9.0.46]
2022-09-03 21:22:37.046 - INFO  [           main] o.a.j.l.DirectJDKLog           : Initializing Spring embedded WebApplicationContext
2022-09-03 21:22:37.047 - INFO  [           main] letWebServerApplicationContext : Root WebApplicationContext: initialization completed in 3369 ms
2022-09-03 21:22:37.972 - WARN  [           main] c.b.m.c.m.TableInfoHelper      : Warn: Could not find @TableId in Class: com.dms.guyiyao.pojo.PersistentLogins.
2022-09-03 21:22:46.083 - INFO  [           main] edRequestMappingHandlerMapping : Mapped URL path [/v2/api-docs] onto method [springfox.documentation.swagger2.web.Swagger2Controller#getDocumentation(String, HttpServletRequest)]
2022-09-03 21:22:46.284 - INFO  [           main] .w.s.WelcomePageHandlerMapping : Adding welcome page: class path resource [static/index.html]
2022-09-03 21:22:46.405 - INFO  [           main] s.w.DefaultSecurityFilterChain : Will secure any request with [org.springframework.security.web.context.request.async.WebAsyncManagerIntegrationFilter@18887028, org.springframework.security.web.context.SecurityContextPersistenceFilter@2bc2e022, org.springframework.security.web.header.HeaderWriterFilter@55746340, org.springframework.web.filter.CorsFilter@28f8ce2e, org.springframework.security.web.authentication.logout.LogoutFilter@57bac3f0, com.dms.guyiyao.security.filter.JwtAuthenticationTokenFilter@79cb8ffa, org.springframework.security.web.savedrequest.RequestCacheAwareFilter@5e7e7a7e, org.springframework.security.web.servletapi.SecurityContextHolderAwareRequestFilter@7296fe0b, org.springframework.security.web.authentication.AnonymousAuthenticationFilter@2c0a3826, org.springframework.security.web.session.SessionManagementFilter@7f1ad846, org.springframework.security.web.access.ExceptionTranslationFilter@3ba5c4dd, org.springframework.security.web.access.intercept.FilterSecurityInterceptor@126af200]
2022-09-03 21:22:46.736 - INFO  [           main] o.a.j.l.DirectJDKLog           : Starting ProtocolHandler ["http-nio-8099"]
2022-09-03 21:22:46.752 - INFO  [           main] o.s.b.w.e.t.TomcatWebServer    : Tomcat started on port(s): 8099 (http) with context path ''
2022-09-03 21:22:46.753 - INFO  [           main] cumentationPluginsBootstrapper : Context refreshed
2022-09-03 21:22:46.785 - INFO  [           main] cumentationPluginsBootstrapper : Found 1 custom documentation plugin(s)
2022-09-03 21:22:46.833 - INFO  [           main] w.s.ApiListingReferenceScanner : Scanning for api listing references
2022-09-03 21:22:47.278 - INFO  [           main] .CachingOperationNameGenerator : Generating unique operation named: updateNickNameUsingPOST_1
2022-09-03 21:22:47.316 - INFO  [           main] o.s.b.StartupInfoLogger        : Started TsBookServiceImpl in 14.421 seconds (JVM running for 15.931)
2022-09-03 21:22:47.318 - INFO  [           main] .a.ApplicationAvailabilityBean : Application availability state LivenessState changed to CORRECT
2022-09-03 21:22:47.322 - INFO  [           main] .a.ApplicationAvailabilityBean : Application availability state ReadinessState changed to ACCEPTING_TRAFFIC
2022-09-03 21:22:47.457 - INFO  [           main] c.z.h.HikariDataSource         : HikariPool-1 - Starting...
2022-09-03 21:22:47.464 - WARN  [           main] c.z.h.u.DriverDataSource       : Registered driver with driverClassName=com.mysql.jdbc.Driver was not found, trying direct instantiation.
2022-09-03 21:22:49.104 - INFO  [           main] c.z.h.HikariDataSource         : HikariPool-1 - Start completed.
2022-09-03 21:24:09.601 - WARN  [kground-preinit] o.s.c.l.CompositeLog           : For Jackson Kotlin classes support please add "com.fasterxml.jackson.module:jackson-module-kotlin" to the classpath
2022-09-03 21:24:09.610 - INFO  [           main] o.s.b.StartupInfoLogger        : Starting TsBookServiceImpl using Java 1.8.0_311 on DESKTOP-EI2Q46S with PID 9504 (E:\zuomian\源码\bzy_reader\gyy_code\gyy_server_front\gyy_code\target\classes started by 11641 in E:\zuomian\源码\bzy_reader\gyy_code\gyy_server_front)
2022-09-03 21:24:09.615 - INFO  [           main] o.s.b.SpringApplication        : The following profiles are active: dev
2022-09-03 21:24:10.715 - INFO  [           main] epositoryConfigurationDelegate : Multiple Spring Data modules found, entering strict repository configuration mode!
2022-09-03 21:24:10.718 - INFO  [           main] epositoryConfigurationDelegate : Bootstrapping Spring Data Redis repositories in DEFAULT mode.
2022-09-03 21:24:10.765 - INFO  [           main] epositoryConfigurationDelegate : Finished Spring Data repository scanning in 31 ms. Found 0 Redis repository interfaces.
2022-09-03 21:24:11.311 - INFO  [           main] egate$BeanPostProcessorChecker : Bean 'org.springframework.security.access.expression.method.DefaultMethodSecurityExpressionHandler@6f3f0ae' of type [org.springframework.security.access.expression.method.DefaultMethodSecurityExpressionHandler] is not eligible for getting processed by all BeanPostProcessors (for example: not eligible for auto-proxying)
2022-09-03 21:24:11.318 - INFO  [           main] egate$BeanPostProcessorChecker : Bean 'methodSecurityMetadataSource' of type [org.springframework.security.access.method.DelegatingMethodSecurityMetadataSource] is not eligible for getting processed by all BeanPostProcessors (for example: not eligible for auto-proxying)
2022-09-03 21:24:12.536 - INFO  [           main] o.s.b.w.e.t.TomcatWebServer    : Tomcat initialized with port(s): 8099 (http)
2022-09-03 21:24:12.545 - INFO  [           main] o.a.j.l.DirectJDKLog           : Initializing ProtocolHandler ["http-nio-8099"]
2022-09-03 21:24:12.546 - INFO  [           main] o.a.j.l.DirectJDKLog           : Starting service [Tomcat]
2022-09-03 21:24:12.546 - INFO  [           main] o.a.j.l.DirectJDKLog           : Starting Servlet engine: [Apache Tomcat/9.0.46]
2022-09-03 21:24:12.685 - INFO  [           main] o.a.j.l.DirectJDKLog           : Initializing Spring embedded WebApplicationContext
2022-09-03 21:24:12.685 - INFO  [           main] letWebServerApplicationContext : Root WebApplicationContext: initialization completed in 3019 ms
2022-09-03 21:24:13.428 - WARN  [           main] c.b.m.c.m.TableInfoHelper      : Warn: Could not find @TableId in Class: com.dms.guyiyao.pojo.PersistentLogins.
2022-09-03 21:24:19.276 - INFO  [           main] edRequestMappingHandlerMapping : Mapped URL path [/v2/api-docs] onto method [springfox.documentation.swagger2.web.Swagger2Controller#getDocumentation(String, HttpServletRequest)]
2022-09-03 21:24:19.480 - INFO  [           main] .w.s.WelcomePageHandlerMapping : Adding welcome page: class path resource [static/index.html]
2022-09-03 21:24:19.837 - INFO  [           main] s.w.DefaultSecurityFilterChain : Will secure any request with [org.springframework.security.web.context.request.async.WebAsyncManagerIntegrationFilter@1e029a04, org.springframework.security.web.context.SecurityContextPersistenceFilter@9f2fe2e, org.springframework.security.web.header.HeaderWriterFilter@2cf88901, org.springframework.web.filter.CorsFilter@50e8ed74, org.springframework.security.web.authentication.logout.LogoutFilter@75f8d9b0, com.dms.guyiyao.security.filter.JwtAuthenticationTokenFilter@3ca3648, org.springframework.security.web.savedrequest.RequestCacheAwareFilter@79273a4f, org.springframework.security.web.servletapi.SecurityContextHolderAwareRequestFilter@13d10057, org.springframework.security.web.authentication.AnonymousAuthenticationFilter@74eab077, org.springframework.security.web.session.SessionManagementFilter@3c910acd, org.springframework.security.web.access.ExceptionTranslationFilter@45790cb, org.springframework.security.web.access.intercept.FilterSecurityInterceptor@4e9ea32f]
2022-09-03 21:24:27.434 - WARN  [kground-preinit] o.s.c.l.CompositeLog           : For Jackson Kotlin classes support please add "com.fasterxml.jackson.module:jackson-module-kotlin" to the classpath
2022-09-03 21:24:27.447 - INFO  [           main] o.s.b.StartupInfoLogger        : Starting TsBookServiceImpl using Java 1.8.0_311 on DESKTOP-EI2Q46S with PID 8116 (E:\zuomian\源码\bzy_reader\gyy_code\gyy_server_front\gyy_code\target\classes started by 11641 in E:\zuomian\源码\bzy_reader\gyy_code\gyy_server_front)
2022-09-03 21:24:27.451 - INFO  [           main] o.s.b.SpringApplication        : The following profiles are active: dev
2022-09-03 21:24:28.547 - INFO  [           main] epositoryConfigurationDelegate : Multiple Spring Data modules found, entering strict repository configuration mode!
2022-09-03 21:24:28.551 - INFO  [           main] epositoryConfigurationDelegate : Bootstrapping Spring Data Redis repositories in DEFAULT mode.
2022-09-03 21:24:28.606 - INFO  [           main] epositoryConfigurationDelegate : Finished Spring Data repository scanning in 38 ms. Found 0 Redis repository interfaces.
2022-09-03 21:24:29.206 - INFO  [           main] egate$BeanPostProcessorChecker : Bean 'org.springframework.security.access.expression.method.DefaultMethodSecurityExpressionHandler@41bb1f09' of type [org.springframework.security.access.expression.method.DefaultMethodSecurityExpressionHandler] is not eligible for getting processed by all BeanPostProcessors (for example: not eligible for auto-proxying)
2022-09-03 21:24:29.209 - INFO  [           main] egate$BeanPostProcessorChecker : Bean 'methodSecurityMetadataSource' of type [org.springframework.security.access.method.DelegatingMethodSecurityMetadataSource] is not eligible for getting processed by all BeanPostProcessors (for example: not eligible for auto-proxying)
2022-09-03 21:24:30.449 - INFO  [           main] o.s.b.w.e.t.TomcatWebServer    : Tomcat initialized with port(s): 8099 (http)
2022-09-03 21:24:30.462 - INFO  [           main] o.a.j.l.DirectJDKLog           : Initializing ProtocolHandler ["http-nio-8099"]
2022-09-03 21:24:30.463 - INFO  [           main] o.a.j.l.DirectJDKLog           : Starting service [Tomcat]
2022-09-03 21:24:30.463 - INFO  [           main] o.a.j.l.DirectJDKLog           : Starting Servlet engine: [Apache Tomcat/9.0.46]
2022-09-03 21:24:30.634 - INFO  [           main] o.a.j.l.DirectJDKLog           : Initializing Spring embedded WebApplicationContext
2022-09-03 21:24:30.635 - INFO  [           main] letWebServerApplicationContext : Root WebApplicationContext: initialization completed in 3128 ms
2022-09-03 21:24:31.758 - WARN  [           main] c.b.m.c.m.TableInfoHelper      : Warn: Could not find @TableId in Class: com.dms.guyiyao.pojo.PersistentLogins.
2022-09-03 21:24:36.441 - INFO  [           main] edRequestMappingHandlerMapping : Mapped URL path [/v2/api-docs] onto method [springfox.documentation.swagger2.web.Swagger2Controller#getDocumentation(String, HttpServletRequest)]
2022-09-03 21:24:36.586 - INFO  [           main] .w.s.WelcomePageHandlerMapping : Adding welcome page: class path resource [static/index.html]
2022-09-03 21:24:36.679 - INFO  [           main] s.w.DefaultSecurityFilterChain : Will secure any request with [org.springframework.security.web.context.request.async.WebAsyncManagerIntegrationFilter@19b4dd60, org.springframework.security.web.context.SecurityContextPersistenceFilter@53086bdc, org.springframework.security.web.header.HeaderWriterFilter@40ecead5, org.springframework.web.filter.CorsFilter@40f77135, org.springframework.security.web.authentication.logout.LogoutFilter@687d31a9, com.dms.guyiyao.security.filter.JwtAuthenticationTokenFilter@2773504f, org.springframework.security.web.savedrequest.RequestCacheAwareFilter@600a1270, org.springframework.security.web.servletapi.SecurityContextHolderAwareRequestFilter@73158d35, org.springframework.security.web.authentication.AnonymousAuthenticationFilter@4138af7, org.springframework.security.web.session.SessionManagementFilter@75d61b62, org.springframework.security.web.access.ExceptionTranslationFilter@27b84c9a, org.springframework.security.web.access.intercept.FilterSecurityInterceptor@1d5fc340]
2022-09-03 21:24:36.981 - INFO  [           main] o.a.j.l.DirectJDKLog           : Starting ProtocolHandler ["http-nio-8099"]
2022-09-03 21:24:36.999 - INFO  [           main] o.s.b.w.e.t.TomcatWebServer    : Tomcat started on port(s): 8099 (http) with context path ''
2022-09-03 21:24:37.000 - INFO  [           main] cumentationPluginsBootstrapper : Context refreshed
2022-09-03 21:24:37.029 - INFO  [           main] cumentationPluginsBootstrapper : Found 1 custom documentation plugin(s)
2022-09-03 21:24:37.095 - INFO  [           main] w.s.ApiListingReferenceScanner : Scanning for api listing references
2022-09-03 21:24:37.341 - INFO  [           main] .CachingOperationNameGenerator : Generating unique operation named: updateNickNameUsingPOST_1
2022-09-03 21:24:37.368 - INFO  [           main] o.s.b.StartupInfoLogger        : Started TsBookServiceImpl in 10.538 seconds (JVM running for 13.004)
2022-09-03 21:24:37.369 - INFO  [           main] .a.ApplicationAvailabilityBean : Application availability state LivenessState changed to CORRECT
2022-09-03 21:24:37.372 - INFO  [           main] .a.ApplicationAvailabilityBean : Application availability state ReadinessState changed to ACCEPTING_TRAFFIC
2022-09-03 21:24:37.466 - INFO  [           main] c.z.h.HikariDataSource         : HikariPool-1 - Starting...
2022-09-03 21:24:37.469 - WARN  [           main] c.z.h.u.DriverDataSource       : Registered driver with driverClassName=com.mysql.jdbc.Driver was not found, trying direct instantiation.
2022-09-03 21:24:38.407 - INFO  [           main] c.z.h.HikariDataSource         : HikariPool-1 - Start completed.
2022-09-03 22:01:18.871 - INFO  [extShutdownHook] .a.ApplicationAvailabilityBean : Application availability state ReadinessState changed from ACCEPTING_TRAFFIC to REFUSING_TRAFFIC
2022-09-03 22:01:24.140 - WARN  [kground-preinit] o.s.c.l.CompositeLog           : For Jackson Kotlin classes support please add "com.fasterxml.jackson.module:jackson-module-kotlin" to the classpath
2022-09-03 22:01:24.141 - INFO  [           main] o.s.b.StartupInfoLogger        : Starting TsBookServiceImpl using Java 1.8.0_311 on DESKTOP-EI2Q46S with PID 13276 (E:\zuomian\源码\bzy_reader\gyy_code\gyy_server_front\gyy_code\target\classes started by 11641 in E:\zuomian\源码\bzy_reader\gyy_code\gyy_server_front)
2022-09-03 22:01:24.155 - INFO  [           main] o.s.b.SpringApplication        : The following profiles are active: dev
2022-09-03 22:01:25.582 - INFO  [           main] epositoryConfigurationDelegate : Multiple Spring Data modules found, entering strict repository configuration mode!
2022-09-03 22:01:25.586 - INFO  [           main] epositoryConfigurationDelegate : Bootstrapping Spring Data Redis repositories in DEFAULT mode.
2022-09-03 22:01:25.656 - INFO  [           main] epositoryConfigurationDelegate : Finished Spring Data repository scanning in 48 ms. Found 0 Redis repository interfaces.
2022-09-03 22:01:26.345 - INFO  [           main] egate$BeanPostProcessorChecker : Bean 'org.springframework.security.access.expression.method.DefaultMethodSecurityExpressionHandler@270d43a7' of type [org.springframework.security.access.expression.method.DefaultMethodSecurityExpressionHandler] is not eligible for getting processed by all BeanPostProcessors (for example: not eligible for auto-proxying)
2022-09-03 22:01:26.351 - INFO  [           main] egate$BeanPostProcessorChecker : Bean 'methodSecurityMetadataSource' of type [org.springframework.security.access.method.DelegatingMethodSecurityMetadataSource] is not eligible for getting processed by all BeanPostProcessors (for example: not eligible for auto-proxying)
2022-09-03 22:01:27.765 - INFO  [           main] o.s.b.w.e.t.TomcatWebServer    : Tomcat initialized with port(s): 8099 (http)
2022-09-03 22:01:27.775 - INFO  [           main] o.a.j.l.DirectJDKLog           : Initializing ProtocolHandler ["http-nio-8099"]
2022-09-03 22:01:27.776 - INFO  [           main] o.a.j.l.DirectJDKLog           : Starting service [Tomcat]
2022-09-03 22:01:27.776 - INFO  [           main] o.a.j.l.DirectJDKLog           : Starting Servlet engine: [Apache Tomcat/9.0.46]
2022-09-03 22:01:28.007 - INFO  [           main] o.a.j.l.DirectJDKLog           : Initializing Spring embedded WebApplicationContext
2022-09-03 22:01:28.008 - INFO  [           main] letWebServerApplicationContext : Root WebApplicationContext: initialization completed in 3774 ms
2022-09-03 22:01:28.884 - WARN  [           main] c.b.m.c.m.TableInfoHelper      : Warn: Could not find @TableId in Class: com.dms.guyiyao.pojo.PersistentLogins.
2022-09-03 22:01:33.122 - INFO  [           main] edRequestMappingHandlerMapping : Mapped URL path [/v2/api-docs] onto method [springfox.documentation.swagger2.web.Swagger2Controller#getDocumentation(String, HttpServletRequest)]
2022-09-03 22:01:33.259 - INFO  [           main] .w.s.WelcomePageHandlerMapping : Adding welcome page: class path resource [static/index.html]
2022-09-03 22:01:33.343 - INFO  [           main] s.w.DefaultSecurityFilterChain : Will secure any request with [org.springframework.security.web.context.request.async.WebAsyncManagerIntegrationFilter@3856d0cb, org.springframework.security.web.context.SecurityContextPersistenceFilter@608b906d, org.springframework.security.web.header.HeaderWriterFilter@1ac3a6f, org.springframework.web.filter.CorsFilter@2125535d, org.springframework.security.web.authentication.logout.LogoutFilter@10408ea, com.dms.guyiyao.security.filter.JwtAuthenticationTokenFilter@7ea71fc2, org.springframework.security.web.savedrequest.RequestCacheAwareFilter@7e1762e6, org.springframework.security.web.servletapi.SecurityContextHolderAwareRequestFilter@3cb173db, org.springframework.security.web.authentication.AnonymousAuthenticationFilter@d190639, org.springframework.security.web.session.SessionManagementFilter@29c80149, org.springframework.security.web.access.ExceptionTranslationFilter@b144175, org.springframework.security.web.access.intercept.FilterSecurityInterceptor@2633d09c]
2022-09-03 22:01:33.619 - INFO  [           main] o.a.j.l.DirectJDKLog           : Starting ProtocolHandler ["http-nio-8099"]
2022-09-03 22:01:33.634 - INFO  [           main] o.s.b.w.e.t.TomcatWebServer    : Tomcat started on port(s): 8099 (http) with context path ''
2022-09-03 22:01:33.635 - INFO  [           main] cumentationPluginsBootstrapper : Context refreshed
2022-09-03 22:01:33.665 - INFO  [           main] cumentationPluginsBootstrapper : Found 1 custom documentation plugin(s)
2022-09-03 22:01:33.710 - INFO  [           main] w.s.ApiListingReferenceScanner : Scanning for api listing references
2022-09-03 22:01:33.947 - INFO  [           main] .CachingOperationNameGenerator : Generating unique operation named: updateNickNameUsingPOST_1
2022-09-03 22:01:33.968 - INFO  [           main] o.s.b.StartupInfoLogger        : Started TsBookServiceImpl in 11.035 seconds (JVM running for 13.547)
2022-09-03 22:01:33.970 - INFO  [           main] .a.ApplicationAvailabilityBean : Application availability state LivenessState changed to CORRECT
2022-09-03 22:01:33.973 - INFO  [           main] .a.ApplicationAvailabilityBean : Application availability state ReadinessState changed to ACCEPTING_TRAFFIC
2022-09-03 22:01:34.065 - INFO  [           main] c.z.h.HikariDataSource         : HikariPool-1 - Starting...
2022-09-03 22:01:34.070 - WARN  [           main] c.z.h.u.DriverDataSource       : Registered driver with driverClassName=com.mysql.jdbc.Driver was not found, trying direct instantiation.
2022-09-03 22:01:34.968 - INFO  [           main] c.z.h.HikariDataSource         : HikariPool-1 - Start completed.
